<?xml version="1.0" encoding="utf-8"?><testsuites name="pytest tests"><testsuite name="pytest" errors="0" failures="0" skipped="0" tests="22" time="3.321" timestamp="2026-03-24T15:32:37.805078+00:00" hostname="agent-env-e5a991c9-2f7e-4539-b5aa-2a9462333fa4"><testcase classname="backend.tests.test_exports_csv.TestExportSummary" name="test_summary_success" time="0.392" /><testcase classname="backend.tests.test_exports_csv.TestExportSummary" name="test_summary_requires_start_date" time="0.111" /><testcase classname="backend.tests.test_exports_csv.TestExportSummary" name="test_summary_requires_end_date" time="0.130" /><testcase classname="backend.tests.test_exports_csv.TestExportSummary" name="test_summary_requires_auth" time="0.120" /><testcase classname="backend.tests.test_exports_csv.TestExportSummary" name="test_summary_with_escrow_filter" time="0.227" /><testcase classname="backend.tests.test_exports_csv.TestSpendActivityExport" name="test_spend_activity_csv_format" time="0.144" /><testcase classname="backend.tests.test_exports_csv.TestSpendActivityExport" name="test_spend_activity_requires_dates" time="0.163" /><testcase classname="backend.tests.test_exports_csv.TestSpendActivityExport" name="test_spend_activity_requires_auth" time="0.115" /><testcase classname="backend.tests.test_exports_csv.TestSpendActivityExport" name="test_spend_activity_with_status_filter" time="0.134" /><testcase classname="backend.tests.test_exports_csv.TestSpendActivityExport" name="test_spend_activity_with_escrow_filter" time="0.130" /><testcase classname="backend.tests.test_exports_csv.TestAuditEventsExport" name="test_audit_events_csv_format" time="0.139" /><testcase classname="backend.tests.test_exports_csv.TestAuditEventsExport" name="test_audit_events_requires_dates" time="0.144" /><testcase classname="backend.tests.test_exports_csv.TestAuditEventsExport" name="test_audit_events_requires_auth" time="0.121" /><testcase classname="backend.tests.test_exports_csv.TestAuditEventsExport" name="test_audit_events_with_event_type_filter" time="0.117" /><testcase classname="backend.tests.test_exports_csv.TestAuditEventsExport" name="test_audit_events_with_actor_type_filter" time="0.137" /><testcase classname="backend.tests.test_exports_csv.TestExportPermissions" name="test_owner_can_export" time="0.131" /><testcase classname="backend.tests.test_exports_csv.TestExportPermissions" name="test_invalid_token_rejected" time="0.165" /><testcase classname="backend.tests.test_exports_csv.TestCSVFormatValidation" name="test_csv_escaping_special_characters" time="0.134" /><testcase classname="backend.tests.test_exports_csv.TestCSVFormatValidation" name="test_iso8601_date_format" time="0.139" /><testcase classname="backend.tests.test_exports_csv.TestCSVFormatValidation" name="test_filename_format" time="0.122" /><testcase classname="backend.tests.test_exports_csv.TestDateRangeValidation" name="test_invalid_date_format_rejected" time="0.126" /><testcase classname="backend.tests.test_exports_csv.TestDateRangeValidation" name="test_narrow_date_range" time="0.124" /></testsuite></testsuites>