<?xml version="1.0" encoding="utf-8"?><testsuites name="pytest tests"><testsuite name="pytest" errors="0" failures="0" skipped="0" tests="40" time="18.379" timestamp="2026-03-24T03:47:34.786683+00:00" hostname="agent-env-e5a991c9-2f7e-4539-b5aa-2a9462333fa4"><testcase classname="backend.tests.test_comprehensive_backend.TestSetup" name="test_setup_complete" time="0.461" /><testcase classname="backend.tests.test_comprehensive_backend.TestAuthentication" name="test_valid_jwt_returns_200" time="0.368" /><testcase classname="backend.tests.test_comprehensive_backend.TestAuthentication" name="test_valid_api_key_returns_200" time="0.698" /><testcase classname="backend.tests.test_comprehensive_backend.TestAuthentication" name="test_invalid_api_key_returns_401" time="0.132" /><testcase classname="backend.tests.test_comprehensive_backend.TestAuthentication" name="test_missing_auth_header_returns_401" time="0.126" /><testcase classname="backend.tests.test_comprehensive_backend.TestAuthentication" name="test_invalid_jwt_returns_401" time="0.138" /><testcase classname="backend.tests.test_comprehensive_backend.TestEscrowManagement" name="test_create_escrow_account" time="0.388" /><testcase classname="backend.tests.test_comprehensive_backend.TestEscrowManagement" name="test_fund_escrow_account" time="0.411" /><testcase classname="backend.tests.test_comprehensive_backend.TestEscrowManagement" name="test_get_escrow_account" time="0.291" /><testcase classname="backend.tests.test_comprehensive_backend.TestEscrowManagement" name="test_list_escrow_accounts" time="0.128" /><testcase classname="backend.tests.test_comprehensive_backend.TestEscrowManagement" name="test_pause_escrow_account" time="0.443" /><testcase classname="backend.tests.test_comprehensive_backend.TestEscrowManagement" name="test_resume_escrow_account" time="0.736" /><testcase classname="backend.tests.test_comprehensive_backend.TestSpendingPolicies" name="test_create_policy_with_all_limits" time="0.565" /><testcase classname="backend.tests.test_comprehensive_backend.TestSpendingPolicies" name="test_create_policy_with_vendor_allowlist" time="0.170" /><testcase classname="backend.tests.test_comprehensive_backend.TestSpendingPolicies" name="test_create_policy_with_blocked_vendors" time="0.206" /><testcase classname="backend.tests.test_comprehensive_backend.TestSpendRequestsRulesEngine" name="test_spend_auto_approved_under_threshold" time="1.200" /><testcase classname="backend.tests.test_comprehensive_backend.TestSpendRequestsRulesEngine" name="test_spend_denied_blocked_vendor" time="0.759" /><testcase classname="backend.tests.test_comprehensive_backend.TestSpendRequestsRulesEngine" name="test_spend_denied_over_per_tx_limit" time="0.229" /><testcase classname="backend.tests.test_comprehensive_backend.TestSpendRequestsRulesEngine" name="test_spend_denied_insufficient_balance" time="0.679" /><testcase classname="backend.tests.test_comprehensive_backend.TestSpendRequestsRulesEngine" name="test_spend_denied_paused_account" time="0.873" /><testcase classname="backend.tests.test_comprehensive_backend.TestSpendRequestsRulesEngine" name="test_spend_pending_approval_above_threshold" time="0.712" /><testcase classname="backend.tests.test_comprehensive_backend.TestSpendRequestsRulesEngine" name="test_spend_idempotency" time="0.396" /><testcase classname="backend.tests.test_comprehensive_backend.TestApprovalsAPI" name="test_list_pending_approvals" time="0.396" /><testcase classname="backend.tests.test_comprehensive_backend.TestApprovalsAPI" name="test_approve_spend_request" time="1.404" /><testcase classname="backend.tests.test_comprehensive_backend.TestApprovalsAPI" name="test_deny_spend_request_with_note" time="1.162" /><testcase classname="backend.tests.test_comprehensive_backend.TestBalanceEndpoint" name="test_agent_key_can_access_balance" time="0.848" /><testcase classname="backend.tests.test_comprehensive_backend.TestAuditLog" name="test_audit_log_escrow_created" time="0.987" /><testcase classname="backend.tests.test_comprehensive_backend.TestAuditLog" name="test_audit_log_escrow_funded" time="0.989" /><testcase classname="backend.tests.test_comprehensive_backend.TestAuditLog" name="test_audit_log_spend_approved" time="0.133" /><testcase classname="backend.tests.test_comprehensive_backend.TestAuditLog" name="test_audit_log_spend_denied" time="0.126" /><testcase classname="backend.tests.test_comprehensive_backend.TestAuditLog" name="test_audit_log_approval_requested" time="0.124" /><testcase classname="backend.tests.test_comprehensive_backend.TestWebhooks" name="test_create_webhook" time="0.394" /><testcase classname="backend.tests.test_comprehensive_backend.TestWebhooks" name="test_list_webhooks" time="0.133" /><testcase classname="backend.tests.test_comprehensive_backend.TestWebhooks" name="test_delete_webhook" time="0.438" /><testcase classname="backend.tests.test_comprehensive_backend.TestErrorHandling" name="test_malformed_json_returns_400" time="0.350" /><testcase classname="backend.tests.test_comprehensive_backend.TestErrorHandling" name="test_missing_required_field_returns_400" time="0.124" /><testcase classname="backend.tests.test_comprehensive_backend.TestErrorHandling" name="test_nonexistent_escrow_returns_404" time="0.129" /><testcase classname="backend.tests.test_comprehensive_backend.TestErrorHandling" name="test_nonexistent_policy_returns_404" time="0.131" /><testcase classname="backend.tests.test_comprehensive_backend.TestErrorHandling" name="test_nonexistent_approval_returns_404" time="0.127" /><testcase classname="backend.tests.test_comprehensive_backend.TestErrorHandling" name="test_nonexistent_webhook_returns_404" time="0.148" /></testsuite></testsuites>