<?xml version="1.0" encoding="utf-8"?><testsuites name="pytest tests"><testsuite name="pytest" errors="0" failures="0" skipped="0" tests="31" time="10.900" timestamp="2026-03-23T23:34:50.398086+00:00" hostname="agent-env-e5a991c9-2f7e-4539-b5aa-2a9462333fa4"><testcase classname="backend.tests.test_dashboard_apis.TestAuth" name="test_login_success" time="0.260" /><testcase classname="backend.tests.test_dashboard_apis.TestAuth" name="test_login_invalid_credentials" time="0.140" /><testcase classname="backend.tests.test_dashboard_apis.TestAuth" name="test_get_current_org" time="0.314" /><testcase classname="backend.tests.test_dashboard_apis.TestEscrowAccounts" name="test_list_escrow_accounts" time="0.303" /><testcase classname="backend.tests.test_dashboard_apis.TestEscrowAccounts" name="test_create_escrow_account" time="0.174" /><testcase classname="backend.tests.test_dashboard_apis.TestEscrowAccounts" name="test_fund_escrow_account" time="0.323" /><testcase classname="backend.tests.test_dashboard_apis.TestEscrowAccounts" name="test_pause_escrow_account" time="0.315" /><testcase classname="backend.tests.test_dashboard_apis.TestEscrowAccounts" name="test_resume_escrow_account" time="0.592" /><testcase classname="backend.tests.test_dashboard_apis.TestEscrowAccounts" name="test_close_escrow_account" time="0.310" /><testcase classname="backend.tests.test_dashboard_apis.TestEscrowAccounts" name="test_get_escrow_account_balance" time="0.257" /><testcase classname="backend.tests.test_dashboard_apis.TestPolicies" name="test_list_policies" time="0.313" /><testcase classname="backend.tests.test_dashboard_apis.TestPolicies" name="test_create_policy" time="0.276" /><testcase classname="backend.tests.test_dashboard_apis.TestPolicies" name="test_update_policy" time="0.311" /><testcase classname="backend.tests.test_dashboard_apis.TestPolicies" name="test_toggle_policy_active" time="0.573" /><testcase classname="backend.tests.test_dashboard_apis.TestPolicies" name="test_delete_policy" time="0.418" /><testcase classname="backend.tests.test_dashboard_apis.TestTransactions" name="test_list_transactions" time="0.395" /><testcase classname="backend.tests.test_dashboard_apis.TestTransactions" name="test_get_transaction_detail" time="0.238" /><testcase classname="backend.tests.test_dashboard_apis.TestTransactions" name="test_filter_transactions_by_status" time="1.426" /><testcase classname="backend.tests.test_dashboard_apis.TestApprovals" name="test_list_pending_approvals" time="0.354" /><testcase classname="backend.tests.test_dashboard_apis.TestApprovals" name="test_list_approved_approvals" time="0.101" /><testcase classname="backend.tests.test_dashboard_apis.TestApprovals" name="test_list_denied_approvals" time="0.110" /><testcase classname="backend.tests.test_dashboard_apis.TestApiKeys" name="test_list_api_keys" time="0.291" /><testcase classname="backend.tests.test_dashboard_apis.TestApiKeys" name="test_create_api_key" time="0.166" /><testcase classname="backend.tests.test_dashboard_apis.TestApiKeys" name="test_deactivate_api_key" time="0.287" /><testcase classname="backend.tests.test_dashboard_apis.TestApiKeys" name="test_reactivate_api_key" time="0.417" /><testcase classname="backend.tests.test_dashboard_apis.TestApiKeys" name="test_revoke_api_key" time="0.398" /><testcase classname="backend.tests.test_dashboard_apis.TestAuditLog" name="test_list_audit_events" time="0.332" /><testcase classname="backend.tests.test_dashboard_apis.TestAuditLog" name="test_filter_audit_by_event_type" time="0.119" /><testcase classname="backend.tests.test_dashboard_apis.TestAuditLog" name="test_filter_audit_by_actor_type" time="0.323" /><testcase classname="backend.tests.test_dashboard_apis.TestAuditLog" name="test_get_audit_event_detail" time="0.216" /><testcase classname="backend.tests.test_dashboard_apis.TestDashboardOverview" name="test_dashboard_data_aggregation" time="0.747" /></testsuite></testsuites>