<?xml version="1.0" encoding="utf-8"?><testsuites name="pytest tests"><testsuite name="pytest" errors="0" failures="0" skipped="0" tests="34" time="5.363" timestamp="2026-03-27T01:12:33.959931+00:00" hostname="agent-env-e5a991c9-2f7e-4539-b5aa-2a9462333fa4"><testcase classname="tests.test_admin_api.TestAdminHealth" name="test_health_public_no_auth" time="0.183" /><testcase classname="tests.test_admin_api.TestAdminHealth" name="test_status_requires_auth" time="0.160" /><testcase classname="tests.test_admin_api.TestAdminHealth" name="test_status_with_superadmin" time="0.130" /><testcase classname="tests.test_admin_api.TestAdminHealth" name="test_errors_with_superadmin" time="0.119" /><testcase classname="tests.test_admin_api.TestAdminMetrics" name="test_metrics_overview_requires_auth" time="0.129" /><testcase classname="tests.test_admin_api.TestAdminMetrics" name="test_metrics_overview_with_superadmin" time="0.206" /><testcase classname="tests.test_admin_api.TestAdminMetrics" name="test_metrics_activity_with_superadmin" time="0.122" /><testcase classname="tests.test_admin_api.TestAdminMetrics" name="test_metrics_stripe_with_superadmin" time="0.137" /><testcase classname="tests.test_admin_api.TestAdminAudit" name="test_audit_requires_auth" time="0.103" /><testcase classname="tests.test_admin_api.TestAdminAudit" name="test_audit_with_superadmin" time="0.143" /><testcase classname="tests.test_admin_api.TestAdminAudit" name="test_audit_with_filters" time="0.128" /><testcase classname="tests.test_admin_api.TestAdminKeys" name="test_keys_list_requires_auth" time="0.107" /><testcase classname="tests.test_admin_api.TestAdminKeys" name="test_keys_list_with_superadmin" time="0.131" /><testcase classname="tests.test_admin_api.TestAdminKeys" name="test_create_key_with_superadmin" time="0.160" /><testcase classname="tests.test_admin_api.TestAdminKeys" name="test_create_key_missing_label" time="0.134" /><testcase classname="tests.test_admin_api.TestAdminKeys" name="test_scoped_key_can_access_allowed_scope" time="0.275" /><testcase classname="tests.test_admin_api.TestAdminKeys" name="test_scoped_key_denied_for_other_scope" time="0.349" /><testcase classname="tests.test_admin_api.TestAdminKeys" name="test_revoke_key" time="0.138" /><testcase classname="tests.test_admin_api.TestAdminKeys" name="test_revoked_key_cannot_access" time="0.113" /><testcase classname="tests.test_admin_api.TestAdminBlog" name="test_blog_posts_list_requires_auth" time="0.114" /><testcase classname="tests.test_admin_api.TestAdminBlog" name="test_blog_posts_list_with_superadmin" time="0.135" /><testcase classname="tests.test_admin_api.TestAdminBlog" name="test_create_blog_post" time="0.192" /><testcase classname="tests.test_admin_api.TestAdminBlog" name="test_get_blog_post_by_id" time="0.137" /><testcase classname="tests.test_admin_api.TestAdminBlog" name="test_update_blog_post" time="0.149" /><testcase classname="tests.test_admin_api.TestAdminBlog" name="test_publish_blog_post" time="0.161" /><testcase classname="tests.test_admin_api.TestAdminBlog" name="test_unpublish_blog_post" time="0.130" /><testcase classname="tests.test_admin_api.TestAdminBlog" name="test_delete_blog_post_soft" time="0.141" /><testcase classname="tests.test_admin_api.TestAdminBlog" name="test_delete_blog_post_hard" time="0.446" /><testcase classname="tests.test_admin_api.TestAdminSetup" name="test_setup_fails_when_keys_exist" time="0.113" /><testcase classname="tests.test_admin_api.TestAdminSetup" name="test_setup_requires_token" time="0.110" /><testcase classname="tests.test_admin_api.TestAdminSetup" name="test_setup_invalid_token" time="0.124" /><testcase classname="tests.test_admin_api.TestAdminAuthErrors" name="test_invalid_key_format" time="0.141" /><testcase classname="tests.test_admin_api.TestAdminAuthErrors" name="test_missing_bearer_prefix" time="0.155" /><testcase classname="tests.test_admin_api.TestAdminAuthErrors" name="test_nonexistent_key" time="0.115" /></testsuite></testsuites>