<?xml version="1.0" encoding="utf-8"?><testsuites name="pytest tests"><testsuite name="pytest" errors="0" failures="0" skipped="0" tests="21" time="3.902" timestamp="2026-03-24T12:51:08.954975+00:00" hostname="agent-env-e5a991c9-2f7e-4539-b5aa-2a9462333fa4"><testcase classname="tests.test_data_quality_fresh_run.TestSection1CrossEscrowBalanceConsistency" name="test_1_1_create_three_escrows_for_org_a" time="1.140" /><testcase classname="tests.test_data_quality_fresh_run.TestSection1CrossEscrowBalanceConsistency" name="test_1_2_database_check_balance_matches_funding" time="0.001" /><testcase classname="tests.test_data_quality_fresh_run.TestSection1CrossEscrowBalanceConsistency" name="test_1_3_org_isolation_org_b_cannot_access_org_a_escrows" time="0.233" /><testcase classname="tests.test_data_quality_fresh_run.TestSection2SpendFlowVsLedgerAudit" name="test_2_1_create_policy_p1_on_esc_a1" time="0.120" /><testcase classname="tests.test_data_quality_fresh_run.TestSection2SpendFlowVsLedgerAudit" name="test_2_2_execute_spends_with_idempotency_keys" time="0.676" /><testcase classname="tests.test_data_quality_fresh_run.TestSection2SpendFlowVsLedgerAudit" name="test_2_3_ledger_check_verify_balance_and_totals" time="0.124" /><testcase classname="tests.test_data_quality_fresh_run.TestSection2SpendFlowVsLedgerAudit" name="test_2_4_spend_requests_balance_before_after_chain" time="0.001" /><testcase classname="tests.test_data_quality_fresh_run.TestSection2SpendFlowVsLedgerAudit" name="test_2_5_audit_events_for_spends" time="0.001" /><testcase classname="tests.test_data_quality_fresh_run.TestSection3DailyWeeklyMonthlyTracking" name="test_3_1_create_policy_and_execute_spends_on_esc_a2" time="0.571" /><testcase classname="tests.test_data_quality_fresh_run.TestSection3DailyWeeklyMonthlyTracking" name="test_3_2_verify_daily_spend_tracking" time="0.001" /><testcase classname="tests.test_data_quality_fresh_run.TestSection3DailyWeeklyMonthlyTracking" name="test_3_3_verify_weekly_and_monthly_tracking" time="0.001" /><testcase classname="tests.test_data_quality_fresh_run.TestSection4StripeReconciliation" name="test_4_1_funding_events_match_escrow_total_funded" time="0.001" /><testcase classname="tests.test_data_quality_fresh_run.TestSection4StripeReconciliation" name="test_4_2_stripe_is_simulated" time="0.127" /><testcase classname="tests.test_data_quality_fresh_run.TestSection4StripeReconciliation" name="test_4_3_stripe_dashboard_reconciliation_na" time="0.000" /><testcase classname="tests.test_data_quality_fresh_run.TestSection5IdempotencyDoublespend" name="test_5_1_send_spend_with_same_key_5_times" time="0.675" /><testcase classname="tests.test_data_quality_fresh_run.TestSection5IdempotencyDoublespend" name="test_5_2_verify_exactly_1_row_in_spend_requests" time="0.001" /><testcase classname="tests.test_data_quality_fresh_run.TestSection5IdempotencyDoublespend" name="test_5_3_verify_balance_decreased_by_1000_once" time="0.137" /><testcase classname="tests.test_data_quality_fresh_run.TestSection6MultiCurrency" name="test_6_multi_currency_na" time="0.000" /><testcase classname="tests.test_data_quality_fresh_run.TestSection7OrphanReferentialIntegrity" name="test_7_1_no_orphaned_spend_requests" time="0.001" /><testcase classname="tests.test_data_quality_fresh_run.TestSection7OrphanReferentialIntegrity" name="test_7_2_no_orphaned_approvals" time="0.000" /><testcase classname="tests.test_data_quality_fresh_run.TestSection7OrphanReferentialIntegrity" name="test_7_3_no_orphaned_audit_events_for_organizations" time="0.001" /></testsuite></testsuites>