<?xml version="1.0" encoding="utf-8"?><testsuites name="pytest tests"><testsuite name="pytest" errors="0" failures="0" skipped="0" tests="30" time="6.078" timestamp="2026-03-24T04:18:56.016614+00:00" hostname="agent-env-e5a991c9-2f7e-4539-b5aa-2a9462333fa4"><testcase classname="tests.test_data_quality_accounting.TestCrossEscrowBalanceConsistency" name="test_create_three_escrows_for_org_a" time="1.041" /><testcase classname="tests.test_data_quality_accounting.TestCrossEscrowBalanceConsistency" name="test_fund_escrows_and_verify_balance" time="0.289" /><testcase classname="tests.test_data_quality_accounting.TestCrossEscrowBalanceConsistency" name="test_org_isolation_org_b_cannot_see_org_a_escrows" time="0.323" /><testcase classname="tests.test_data_quality_accounting.TestSpendFlowVsLedgerAudit" name="test_create_policy_p1_on_esc_a1" time="0.164" /><testcase classname="tests.test_data_quality_accounting.TestSpendFlowVsLedgerAudit" name="test_s1_spend_5000_to_anthropic_approved" time="0.203" /><testcase classname="tests.test_data_quality_accounting.TestSpendFlowVsLedgerAudit" name="test_s2_spend_7500_to_anthropic_approved" time="0.193" /><testcase classname="tests.test_data_quality_accounting.TestSpendFlowVsLedgerAudit" name="test_s3_spend_25000_to_anthropic_denied_per_tx_limit" time="0.168" /><testcase classname="tests.test_data_quality_accounting.TestSpendFlowVsLedgerAudit" name="test_s3b_spend_exceeds_daily_limit" time="0.355" /><testcase classname="tests.test_data_quality_accounting.TestSpendFlowVsLedgerAudit" name="test_s4_spend_5000_to_blocked_vendor_denied" time="0.166" /><testcase classname="tests.test_data_quality_accounting.TestSpendFlowVsLedgerAudit" name="test_verify_escrow_balance_and_totals" time="0.115" /><testcase classname="tests.test_data_quality_accounting.TestSpendFlowVsLedgerAudit" name="test_verify_spend_requests_balance_before_after" time="0.001" /><testcase classname="tests.test_data_quality_accounting.TestSpendFlowVsLedgerAudit" name="test_verify_audit_events_for_spends" time="0.001" /><testcase classname="tests.test_data_quality_accounting.TestDailyWeeklyMonthlyTracking" name="test_create_policy_on_esc_a2" time="0.131" /><testcase classname="tests.test_data_quality_accounting.TestDailyWeeklyMonthlyTracking" name="test_execute_three_spends_on_esc_a2" time="0.599" /><testcase classname="tests.test_data_quality_accounting.TestDailyWeeklyMonthlyTracking" name="test_verify_daily_spend_tracking" time="0.001" /><testcase classname="tests.test_data_quality_accounting.TestDailyWeeklyMonthlyTracking" name="test_verify_weekly_spend_tracking" time="0.001" /><testcase classname="tests.test_data_quality_accounting.TestDailyWeeklyMonthlyTracking" name="test_verify_monthly_spend_tracking" time="0.001" /><testcase classname="tests.test_data_quality_accounting.TestDailyWeeklyMonthlyTracking" name="test_tracking_matches_spend_requests" time="0.001" /><testcase classname="tests.test_data_quality_accounting.TestIdempotencyDoublespend" name="test_idempotent_spend_multiple_times" time="0.611" /><testcase classname="tests.test_data_quality_accounting.TestIdempotencyDoublespend" name="test_different_idempotency_keys_create_separate_spends" time="0.658" /><testcase classname="tests.test_data_quality_accounting.TestOrphanReferentialIntegrity" name="test_no_orphaned_spend_requests" time="0.001" /><testcase classname="tests.test_data_quality_accounting.TestOrphanReferentialIntegrity" name="test_no_orphaned_approvals" time="0.001" /><testcase classname="tests.test_data_quality_accounting.TestOrphanReferentialIntegrity" name="test_no_orphaned_audit_events_for_orgs" time="0.001" /><testcase classname="tests.test_data_quality_accounting.TestOrphanReferentialIntegrity" name="test_no_orphaned_audit_events_for_escrows" time="0.001" /><testcase classname="tests.test_data_quality_accounting.TestOrphanReferentialIntegrity" name="test_no_orphaned_policies" time="0.000" /><testcase classname="tests.test_data_quality_accounting.TestOrphanReferentialIntegrity" name="test_no_orphaned_tracking_records" time="0.001" /><testcase classname="tests.test_data_quality_accounting.TestOrphanReferentialIntegrity" name="test_cascade_delete_integrity" time="0.938" /><testcase classname="tests.test_data_quality_accounting.TestAccountingEquations" name="test_all_escrows_balance_equation" time="0.001" /><testcase classname="tests.test_data_quality_accounting.TestAccountingEquations" name="test_spend_requests_sum_matches_total_spent" time="0.002" /><testcase classname="tests.test_data_quality_accounting.TestAccountingEquations" name="test_denied_requests_sum_matches_total_denied" time="0.001" /></testsuite></testsuites>