<?xml version="1.0" encoding="utf-8"?><testsuites name="pytest tests"><testsuite name="pytest" errors="1" failures="2" skipped="0" tests="16" time="582.545" timestamp="2026-03-24T13:38:26.223088+00:00" hostname="agent-env-e5a991c9-2f7e-4539-b5aa-2a9462333fa4"><testcase classname="backend.tests.test_abuse_limits_trust.TestApiKeyLifecycleMisuse" name="test_1_1_key_revocation_immediate_effect" time="1.083" /><testcase classname="backend.tests.test_abuse_limits_trust.TestApiKeyLifecycleMisuse" name="test_1_2_shared_key_misuse_bounded_by_policy" time="21.199" /><testcase classname="backend.tests.test_abuse_limits_trust.TestRateLimitsAntiDos" name="test_2_1_per_key_rate_limit" time="9.324" /><testcase classname="backend.tests.test_abuse_limits_trust.TestRateLimitsAntiDos" name="test_2_2_per_org_rate_limit" time="92.177" /><testcase classname="backend.tests.test_abuse_limits_trust.TestRateLimitsAntiDos" name="test_2_3_global_safeguard_health_check" time="14.509"><error message="failed on setup with &quot;AssertionError: Failed to create test org&#10;assert None is not None&#10; +  where None = &lt;test_abuse_limits_trust.TestRateLimitsAntiDos object at 0xfeddfd7cf010&gt;.org&quot;">backend/tests/test_abuse_limits_trust.py:271: in setup
    assert self.org is not None, "Failed to create test org"
E   AssertionError: Failed to create test org
E   assert None is not None
E    +  where None = &lt;test_abuse_limits_trust.TestRateLimitsAntiDos object at 0xfeddfd7cf010&gt;.org</error></testcase><testcase classname="backend.tests.test_abuse_limits_trust.TestRulesEnginePathological" name="test_3_1_large_policies_performance" time="19.307" /><testcase classname="backend.tests.test_abuse_limits_trust.TestRulesEnginePathological" name="test_3_2_timezone_edge_cases" time="0.913" /><testcase classname="backend.tests.test_abuse_limits_trust.TestRulesEnginePathological" name="test_3_3_idempotency_abuse" time="0.949" /><testcase classname="backend.tests.test_abuse_limits_trust.TestRunawayAgentBehavior" name="test_4_1_infinite_loop_single_escrow" time="3.100" /><testcase classname="backend.tests.test_abuse_limits_trust.TestRunawayAgentBehavior" name="test_4_2_multi_escrow_runaway" time="84.766" /><testcase classname="backend.tests.test_abuse_limits_trust.TestMultiTenantIsolation" name="test_5_1_noisy_neighbor" time="153.507" /><testcase classname="backend.tests.test_abuse_limits_trust.TestMultiTenantIsolation" name="test_5_2_webhook_flood_containment" time="59.567"><failure message="AssertionError: Failed to create org&#10;assert None is not None">backend/tests/test_abuse_limits_trust.py:816: in test_5_2_webhook_flood_containment
    assert org is not None, "Failed to create org"
E   AssertionError: Failed to create org
E   assert None is not None</failure></testcase><testcase classname="backend.tests.test_abuse_limits_trust.TestInjectionMalformedInput" name="test_6_1_sql_injection_at_scale" time="108.919"><failure message="AssertionError: SQL injection caused 2 server errors!&#10;assert 2 == 0">backend/tests/test_abuse_limits_trust.py:937: in test_6_1_sql_injection_at_scale
    assert results["error_500"] == 0, f"SQL injection caused {results['error_500']} server errors!"
E   AssertionError: SQL injection caused 2 server errors!
E   assert 2 == 0</failure></testcase><testcase classname="backend.tests.test_abuse_limits_trust.TestInjectionMalformedInput" name="test_6_2_oversized_requests" time="1.682" /><testcase classname="backend.tests.test_abuse_limits_trust.TestApprovalsAbuse" name="test_7_1_approval_spam" time="10.187" /><testcase classname="backend.tests.test_abuse_limits_trust.TestApprovalsAbuse" name="test_7_2_approval_bypass_reuse" time="1.244" /></testsuite></testsuites>