<?xml version="1.0" encoding="utf-8"?><testsuites name="pytest tests"><testsuite name="pytest" errors="0" failures="0" skipped="0" tests="24" time="66.889" timestamp="2026-03-24T12:58:52.330281+00:00" hostname="agent-env-e5a991c9-2f7e-4539-b5aa-2a9462333fa4"><testcase classname="tests.test_stripe_payment_infrastructure.TestSection1BasicFundingFlow" name="test_1_1_create_escrow_and_fund" time="0.568" /><testcase classname="tests.test_stripe_payment_infrastructure.TestSection1BasicFundingFlow" name="test_1_2_verify_internal_state" time="0.117" /><testcase classname="tests.test_stripe_payment_infrastructure.TestSection1BasicFundingFlow" name="test_1_3_verify_audit_event_escrow_funded" time="0.113" /><testcase classname="tests.test_stripe_payment_infrastructure.TestSection1BasicFundingFlow" name="test_1_4_check_funding_events_table" time="0.107" /><testcase classname="tests.test_stripe_payment_infrastructure.TestSection2FundingFailureHandling" name="test_2_1_card_decline_invalid_amount" time="0.354" /><testcase classname="tests.test_stripe_payment_infrastructure.TestSection2FundingFailureHandling" name="test_2_2_verify_balance_unchanged_after_failure" time="0.111" /><testcase classname="tests.test_stripe_payment_infrastructure.TestSection2FundingFailureHandling" name="test_2_3_refund_audit_events" time="0.232" /><testcase classname="tests.test_stripe_payment_infrastructure.TestSection2FundingFailureHandling" name="test_2_4_no_negative_balance_possible" time="0.600" /><testcase classname="tests.test_stripe_payment_infrastructure.TestSection3ModeSeparation" name="test_3_1_stripe_test_keys_used" time="0.371" /><testcase classname="tests.test_stripe_payment_infrastructure.TestSection3ModeSeparation" name="test_3_2_funding_operations_isolated" time="0.774" /><testcase classname="tests.test_stripe_payment_infrastructure.TestSection3ModeSeparation" name="test_3_3_environment_configuration_sanity" time="0.238" /><testcase classname="tests.test_stripe_payment_infrastructure.TestSection4SpendExecutionVsStripeMovement" name="test_4_1_approved_spend_balance_decreases" time="0.764" /><testcase classname="tests.test_stripe_payment_infrastructure.TestSection4SpendExecutionVsStripeMovement" name="test_4_2_denied_spend_no_balance_change" time="0.441" /><testcase classname="tests.test_stripe_payment_infrastructure.TestSection4SpendExecutionVsStripeMovement" name="test_4_3_spend_requests_stripe_fields" time="0.119" /><testcase classname="tests.test_stripe_payment_infrastructure.TestSection5FinancialAccountsIssuing" name="test_5_na_phase_2_features" time="0.000" /><testcase classname="tests.test_stripe_payment_infrastructure.TestSection6WebhookReliability" name="test_6_1_webhook_endpoint_exists" time="0.322" /><testcase classname="tests.test_stripe_payment_infrastructure.TestSection6WebhookReliability" name="test_6_2_webhook_secret_configured" time="0.117" /><testcase classname="tests.test_stripe_payment_infrastructure.TestSection6WebhookReliability" name="test_6_3_webhook_handler_processes_events" time="0.109" /><testcase classname="tests.test_stripe_payment_infrastructure.TestSection7StripeIDMapping" name="test_7_1_escrow_has_stripe_payment_intent_field" time="0.131" /><testcase classname="tests.test_stripe_payment_infrastructure.TestSection7StripeIDMapping" name="test_7_2_funding_events_link_to_escrow" time="1.123" /><testcase classname="tests.test_stripe_payment_infrastructure.TestSection7StripeIDMapping" name="test_7_3_audit_events_contain_stripe_references" time="36.326" /><testcase classname="tests.test_stripe_payment_infrastructure.TestSection8RateLimitsAPIErrors" name="test_8_1_funding_api_returns_proper_error" time="20.420" /><testcase classname="tests.test_stripe_payment_infrastructure.TestSection8RateLimitsAPIErrors" name="test_8_2_no_partial_funding_on_errors" time="0.417" /><testcase classname="tests.test_stripe_payment_infrastructure.TestSection8RateLimitsAPIErrors" name="test_8_3_clear_error_messages" time="2.917" /></testsuite></testsuites>