<?xml version="1.0" encoding="utf-8"?><testsuites name="pytest tests"><testsuite name="pytest" errors="0" failures="0" skipped="0" tests="17" time="2.369" timestamp="2026-03-24T17:09:38.726554+00:00" hostname="agent-env-e5a991c9-2f7e-4539-b5aa-2a9462333fa4"><testcase classname="backend.tests.test_aav_integration.TestEscrowAccountsAAVFields" name="test_get_escrow_returns_aav_fields" time="0.399" /><testcase classname="backend.tests.test_aav_integration.TestEscrowAccountsAAVFields" name="test_get_aav_enabled_escrow" time="0.061" /><testcase classname="backend.tests.test_aav_integration.TestEscrowAccountsAAVFields" name="test_create_escrow_with_aav_settings" time="0.169" /><testcase classname="backend.tests.test_aav_integration.TestEscrowAccountsAAVFields" name="test_create_escrow_invalid_aav_mode" time="0.119" /><testcase classname="backend.tests.test_aav_integration.TestPoliciesAAVFields" name="test_list_policies_returns_aav_fields" time="0.057" /><testcase classname="backend.tests.test_aav_integration.TestPoliciesAAVFields" name="test_create_policy_with_aav_settings" time="0.141" /><testcase classname="backend.tests.test_aav_integration.TestPoliciesAAVFields" name="test_update_policy_aav_settings" time="0.201" /><testcase classname="backend.tests.test_aav_integration.TestSpendRequestsAAV" name="test_spend_without_agent_id_on_aav_escrow_denied" time="0.170" /><testcase classname="backend.tests.test_aav_integration.TestSpendRequestsAAV" name="test_spend_with_valid_agent_id_passes_aav" time="0.160" /><testcase classname="backend.tests.test_aav_integration.TestSpendRequestsAAV" name="test_spend_with_unauthorized_agent_id_denied" time="0.139" /><testcase classname="backend.tests.test_aav_integration.TestSpendRequestsAAV" name="test_spend_request_stores_aav_fields" time="0.145" /><testcase classname="backend.tests.test_aav_integration.TestAAVSettingsEndpoint" name="test_get_aav_settings" time="0.066" /><testcase classname="backend.tests.test_aav_integration.TestAAVSettingsEndpoint" name="test_put_aav_settings" time="0.125" /><testcase classname="backend.tests.test_aav_integration.TestAAVSettingsEndpoint" name="test_put_aav_settings_invalid_mode" time="0.051" /><testcase classname="backend.tests.test_aav_integration.TestRulesEngineAAVStep" name="test_rules_evaluated_includes_aav_authorization" time="0.147" /><testcase classname="backend.tests.test_aav_integration.TestXAAVHeaders" name="test_x_aav_agent_id_header_extraction" time="0.093" /><testcase classname="backend.tests.test_aav_integration.TestXAAVHeaders" name="test_x_aav_grant_id_header_extraction" time="0.101" /></testsuite></testsuites>