<?xml version="1.0" encoding="utf-8"?><testsuites name="pytest tests"><testsuite name="pytest" errors="0" failures="0" skipped="0" tests="26" time="61.576" timestamp="2026-03-24T03:54:37.027224+00:00" hostname="agent-env-e5a991c9-2f7e-4539-b5aa-2a9462333fa4"><testcase classname="tests.test_admin_security_e2e.TestOrgSetup" name="test_org_id_format" time="0.436" /><testcase classname="tests.test_admin_security_e2e.TestPartA_Admin" name="test_a2_api_key_types_live" time="0.359" /><testcase classname="tests.test_admin_security_e2e.TestPartA_Admin" name="test_a2_api_key_types_test" time="0.136" /><testcase classname="tests.test_admin_security_e2e.TestPartA_Admin" name="test_a2_api_key_types_agent" time="0.135" /><testcase classname="tests.test_admin_security_e2e.TestPartA_Admin" name="test_a2_agent_key_permission_isolation" time="1.063" /><testcase classname="tests.test_admin_security_e2e.TestPartA_Admin" name="test_a3_key_revocation" time="1.277" /><testcase classname="tests.test_admin_security_e2e.TestPartA_Admin" name="test_a4_escrow_lifecycle" time="1.057" /><testcase classname="tests.test_admin_security_e2e.TestPartA_Admin" name="test_a5_multi_policy_per_escrow" time="0.713" /><testcase classname="tests.test_admin_security_e2e.TestPartB_Security" name="test_b1_cross_org_data_isolation" time="0.757" /><testcase classname="tests.test_admin_security_e2e.TestPartB_Security" name="test_b1_idempotency_prevents_double_spend" time="1.037" /><testcase classname="tests.test_admin_security_e2e.TestPartB_Security" name="test_b2_sql_injection_in_vendor" time="0.772" /><testcase classname="tests.test_admin_security_e2e.TestPartB_Security" name="test_b2_xss_in_policy_name" time="0.381" /><testcase classname="tests.test_admin_security_e2e.TestPartB_Security" name="test_b2_oversized_payload" time="0.219" /><testcase classname="tests.test_admin_security_e2e.TestPartB_Security" name="test_b3_rate_limiting" time="43.068" /><testcase classname="tests.test_admin_security_e2e.TestPartB_Security" name="test_b4_security_headers" time="0.111" /><testcase classname="tests.test_admin_security_e2e.TestPartB_Security" name="test_b4_no_stack_traces_in_errors" time="0.106" /><testcase classname="tests.test_admin_security_e2e.TestPartB_Security" name="test_b5_webhook_hmac_signature" time="0.131" /><testcase classname="tests.test_admin_security_e2e.TestPartC_E2E" name="test_c1_basic_agent_flow" time="1.692" /><testcase classname="tests.test_admin_security_e2e.TestPartC_E2E" name="test_c2_multi_agent_vendor_isolation" time="1.215" /><testcase classname="tests.test_admin_security_e2e.TestPartC_E2E" name="test_c3_approval_timeout" time="0.733" /><testcase classname="tests.test_admin_security_e2e.TestPartC_E2E" name="test_c4_webhook_events" time="2.457" /><testcase classname="tests.test_admin_security_e2e.TestPartD_EdgeCases" name="test_d1_zero_amount_rejected" time="0.698" /><testcase classname="tests.test_admin_security_e2e.TestPartD_EdgeCases" name="test_d2_negative_amount_rejected" time="0.497" /><testcase classname="tests.test_admin_security_e2e.TestPartD_EdgeCases" name="test_d3_missing_required_fields" time="0.616" /><testcase classname="tests.test_admin_security_e2e.TestPartD_EdgeCases" name="test_d4_time_window_enforcement" time="0.762" /><testcase classname="tests.test_admin_security_e2e.TestPartD_EdgeCases" name="test_d5_concurrent_spend_race_condition" time="1.082" /></testsuite></testsuites>