<?xml version="1.0" encoding="utf-8"?><testsuites name="pytest tests"><testsuite name="pytest" errors="0" failures="0" skipped="0" tests="18" time="12.825" timestamp="2026-03-24T16:46:14.247360+00:00" hostname="agent-env-e5a991c9-2f7e-4539-b5aa-2a9462333fa4"><testcase classname="tests.test_fiduciary_policies.TestFiduciaryPoliciesAPI" name="test_list_policies" time="0.406" /><testcase classname="tests.test_fiduciary_policies.TestFiduciaryPoliciesAPI" name="test_create_policy_with_purpose" time="0.366" /><testcase classname="tests.test_fiduciary_policies.TestFiduciaryPoliciesAPI" name="test_create_policy_without_purpose" time="0.431" /><testcase classname="tests.test_fiduciary_policies.TestFiduciaryPoliciesAPI" name="test_get_policy_returns_purpose" time="0.426" /><testcase classname="tests.test_fiduciary_policies.TestFiduciaryPoliciesAPI" name="test_update_policy_purpose" time="0.447" /><testcase classname="tests.test_fiduciary_policies.TestFiduciaryPoliciesAPI" name="test_create_active_policy" time="0.387" /><testcase classname="tests.test_fiduciary_policies.TestFiduciaryPoliciesAPI" name="test_lock_policy" time="0.472" /><testcase classname="tests.test_fiduciary_policies.TestFiduciaryPoliciesAPI" name="test_cannot_update_locked_policy" time="0.443" /><testcase classname="tests.test_fiduciary_policies.TestFiduciaryPoliciesAPI" name="test_unlock_policy" time="0.432" /><testcase classname="tests.test_fiduciary_policies.TestFiduciaryPoliciesAPI" name="test_unlock_requires_confirmation" time="0.455" /><testcase classname="tests.test_fiduciary_policies.TestFiduciaryPoliciesAPI" name="test_delete_policy" time="0.385" /><testcase classname="tests.test_fiduciary_policies.TestFiduciaryPoliciesAPI" name="test_cannot_delete_locked_policy" time="0.450" /><testcase classname="tests.test_fiduciary_policies.TestFiduciaryPoliciesAPI" name="test_archive_policy" time="6.193" /><testcase classname="tests.test_fiduciary_policies.TestFiduciaryPoliciesAPI" name="test_policy_with_all_fields" time="0.353" /><testcase classname="tests.test_fiduciary_policies.TestFiduciaryPoliciesAPI" name="test_filter_policies_by_status" time="0.242" /><testcase classname="tests.test_fiduciary_policies.TestFiduciaryPoliciesAPI" name="test_filter_policies_by_escrow" time="0.251" /><testcase classname="tests.test_fiduciary_policies.TestFiduciaryPoliciesAPI" name="test_create_policy_missing_required_fields" time="0.305" /><testcase classname="tests.test_fiduciary_policies.TestFiduciaryPoliciesAPI" name="test_create_policy_invalid_escrow" time="0.322" /></testsuite></testsuites>