<?xml version="1.0" encoding="utf-8"?><testsuites name="pytest tests"><testsuite name="pytest" errors="0" failures="0" skipped="0" tests="34" time="8.242" timestamp="2026-03-24T17:24:13.284782+00:00" hostname="agent-env-e5a991c9-2f7e-4539-b5aa-2a9462333fa4"><testcase classname="backend.tests.test_prelaunch_audit.TestRulesEnginePerTransactionLimit" name="test_spend_under_per_tx_limit_passes" time="0.484" /><testcase classname="backend.tests.test_prelaunch_audit.TestRulesEnginePerTransactionLimit" name="test_spend_over_per_tx_limit_denied" time="0.128" /><testcase classname="backend.tests.test_prelaunch_audit.TestRulesEngineDailyCap" name="test_daily_cap_denial_message_is_actionable" time="0.316" /><testcase classname="backend.tests.test_prelaunch_audit.TestRulesEngineWeeklyCap" name="test_weekly_cap_check_in_rules" time="0.357" /><testcase classname="backend.tests.test_prelaunch_audit.TestRulesEngineMonthlyCap" name="test_monthly_cap_check_in_rules" time="0.359" /><testcase classname="backend.tests.test_prelaunch_audit.TestRulesEngineVendorAllowlist" name="test_allowed_vendor_passes" time="0.392" /><testcase classname="backend.tests.test_prelaunch_audit.TestRulesEngineVendorAllowlist" name="test_unlisted_vendor_denied_when_allowlist_set" time="0.137" /><testcase classname="backend.tests.test_prelaunch_audit.TestRulesEngineVendorBlocklist" name="test_blocked_vendor_denied" time="0.328" /><testcase classname="backend.tests.test_prelaunch_audit.TestRulesEngineCategoryAllowlist" name="test_allowed_category_passes" time="0.355" /><testcase classname="backend.tests.test_prelaunch_audit.TestRulesEngineCategoryAllowlist" name="test_unlisted_category_denied" time="0.132" /><testcase classname="backend.tests.test_prelaunch_audit.TestRulesEngineApprovalThresholds" name="test_under_auto_approve_threshold_auto_approves" time="0.353" /><testcase classname="backend.tests.test_prelaunch_audit.TestRulesEngineApprovalThresholds" name="test_over_human_review_threshold_goes_pending" time="0.137" /><testcase classname="backend.tests.test_prelaunch_audit.TestPolicyLock" name="test_locked_policy_cannot_be_edited_patch" time="0.361" /><testcase classname="backend.tests.test_prelaunch_audit.TestPolicyLock" name="test_locked_policy_cannot_be_edited_put" time="0.117" /><testcase classname="backend.tests.test_prelaunch_audit.TestPolicyLock" name="test_locked_policy_cannot_be_deleted" time="0.152" /><testcase classname="backend.tests.test_prelaunch_audit.TestPolicyLock" name="test_locked_policy_is_enforced" time="0.110" /><testcase classname="backend.tests.test_prelaunch_audit.TestRBACFunding" name="test_funding_requires_auth" time="0.139" /><testcase classname="backend.tests.test_prelaunch_audit.TestRBACFunding" name="test_funding_with_agent_key_denied" time="0.535" /><testcase classname="backend.tests.test_prelaunch_audit.TestRBACPolicyEdits" name="test_policy_edit_requires_auth" time="0.115" /><testcase classname="backend.tests.test_prelaunch_audit.TestRBACPolicyEdits" name="test_policy_create_with_agent_key_denied" time="0.473" /><testcase classname="backend.tests.test_prelaunch_audit.TestApprovalFlow" name="test_pending_requests_appear_in_approvals_list" time="0.463" /><testcase classname="backend.tests.test_prelaunch_audit.TestApprovalFlow" name="test_audit_events_logged_for_spend_approved" time="0.109" /><testcase classname="backend.tests.test_prelaunch_audit.TestApprovalFlow" name="test_audit_events_logged_for_spend_denied" time="0.140" /><testcase classname="backend.tests.test_prelaunch_audit.TestApprovalFlow" name="test_audit_events_logged_for_policy_locked" time="0.110" /><testcase classname="backend.tests.test_prelaunch_audit.TestNewUserFlow" name="test_signup_creates_org_and_returns_token" time="0.214" /><testcase classname="backend.tests.test_prelaunch_audit.TestNewUserFlow" name="test_create_escrow_account_works" time="0.126" /><testcase classname="backend.tests.test_prelaunch_audit.TestNewUserFlow" name="test_fund_escrow_works_simulated" time="0.123" /><testcase classname="backend.tests.test_prelaunch_audit.TestNewUserFlow" name="test_create_policy_works" time="0.125" /><testcase classname="backend.tests.test_prelaunch_audit.TestNewUserFlow" name="test_generate_api_key_works" time="0.165" /><testcase classname="backend.tests.test_prelaunch_audit.TestErrorMessages" name="test_insufficient_funds_message" time="0.373" /><testcase classname="backend.tests.test_prelaunch_audit.TestErrorMessages" name="test_vendor_blocked_message_is_actionable" time="0.164" /><testcase classname="backend.tests.test_prelaunch_audit.TestErrorMessages" name="test_category_not_allowed_message_is_actionable" time="0.135" /><testcase classname="backend.tests.test_prelaunch_audit.TestErrorMessages" name="test_escrow_not_found_message" time="0.110" /><testcase classname="backend.tests.test_prelaunch_audit.TestRulesEngineFullCascade" name="test_rules_evaluated_contains_all_steps" time="0.367" /></testsuite></testsuites>