<?xml version="1.0" encoding="utf-8"?><testsuites name="pytest tests"><testsuite name="pytest" errors="0" failures="0" skipped="0" tests="23" time="3.261" timestamp="2026-03-24T13:12:38.001590+00:00" hostname="agent-env-e5a991c9-2f7e-4539-b5aa-2a9462333fa4"><testcase classname="tests.test_observability_sre.TestSection1LoggingQuality" name="test_1_1_structured_logs_for_operations" time="0.557" /><testcase classname="tests.test_observability_sre.TestSection1LoggingQuality" name="test_1_2_request_id_correlation" time="0.114" /><testcase classname="tests.test_observability_sre.TestSection1LoggingQuality" name="test_1_3_sensitive_data_not_logged" time="0.180" /><testcase classname="tests.test_observability_sre.TestSection2MetricsCoverage" name="test_2_1_health_endpoint_metrics" time="0.050" /><testcase classname="tests.test_observability_sre.TestSection2MetricsCoverage" name="test_2_2_audit_events_as_metrics_source" time="0.048" /><testcase classname="tests.test_observability_sre.TestSection2MetricsCoverage" name="test_2_3_stripe_webhook_tracking" time="0.105" /><testcase classname="tests.test_observability_sre.TestSection3AlertingOnCall" name="test_3_1_alerting_system_status" time="0.000" /><testcase classname="tests.test_observability_sre.TestSection3AlertingOnCall" name="test_3_2_error_responses_include_context" time="0.051" /><testcase classname="tests.test_observability_sre.TestSection3AlertingOnCall" name="test_3_3_production_alerting_na" time="0.000" /><testcase classname="tests.test_observability_sre.TestSection4ChaosFailureMode" name="test_4_1_invalid_api_key_returns_401" time="0.051" /><testcase classname="tests.test_observability_sre.TestSection4ChaosFailureMode" name="test_4_2_malformed_request_returns_400" time="0.051" /><testcase classname="tests.test_observability_sre.TestSection4ChaosFailureMode" name="test_4_3_nonexistent_resource_returns_404" time="0.051" /><testcase classname="tests.test_observability_sre.TestSection4ChaosFailureMode" name="test_4_4_no_stack_traces_in_production_errors" time="0.151" /><testcase classname="tests.test_observability_sre.TestSection5DashboardsRunbooks" name="test_5_1_admin_analytics_dashboard_exists" time="0.772" /><testcase classname="tests.test_observability_sre.TestSection5DashboardsRunbooks" name="test_5_2_audit_log_available_for_investigation" time="0.053" /><testcase classname="tests.test_observability_sre.TestSection5DashboardsRunbooks" name="test_5_3_runbooks_status" time="0.000" /><testcase classname="tests.test_observability_sre.TestSection6CapacityLoad" name="test_6_1_concurrent_requests" time="0.788" /><testcase classname="tests.test_observability_sre.TestSection6CapacityLoad" name="test_6_2_race_condition_protection" time="0.000" /><testcase classname="tests.test_observability_sre.TestSection6CapacityLoad" name="test_6_3_response_times_reasonable" time="0.157" /><testcase classname="tests.test_observability_sre.TestSection7DisasterScenarios" name="test_7_1_backup_restore_approach" time="0.000" /><testcase classname="tests.test_observability_sre.TestSection7DisasterScenarios" name="test_7_2_postgresql_migration_ready" time="0.000" /><testcase classname="tests.test_observability_sre.TestSection7DisasterScenarios" name="test_7_3_dr_plan_status" time="0.000" /><testcase classname="tests.test_observability_sre.TestSummary" name="test_generate_summary" time="0.001" /></testsuite></testsuites>