<?xml version="1.0" encoding="utf-8"?><testsuites name="pytest tests"><testsuite name="pytest" errors="0" failures="0" skipped="0" tests="73" time="30.834" timestamp="2026-03-27T04:07:32.237796+00:00" hostname="agent-env-e5a991c9-2f7e-4539-b5aa-2a9462333fa4"><testcase classname="tests.test_core_escrow_rules_engine.TestT1AuthenticationKeyPermissions" name="test_t1_1_valid_key_returns_200" time="0.439" /><testcase classname="tests.test_core_escrow_rules_engine.TestT1AuthenticationKeyPermissions" name="test_t1_2_no_key_returns_401" time="0.104" /><testcase classname="tests.test_core_escrow_rules_engine.TestT1AuthenticationKeyPermissions" name="test_t1_3_invalid_key_returns_401" time="0.106" /><testcase classname="tests.test_core_escrow_rules_engine.TestT1AuthenticationKeyPermissions" name="test_t1_4_revoked_key_returns_401" time="0.428" /><testcase classname="tests.test_core_escrow_rules_engine.TestT1AuthenticationKeyPermissions" name="test_t1_5_agent_key_restrictions" time="0.653" /><testcase classname="tests.test_core_escrow_rules_engine.TestT1AuthenticationKeyPermissions" name="test_t1_6_last_used_at_updates" time="0.898" /><testcase classname="tests.test_core_escrow_rules_engine.TestT2APIKeyManagement" name="test_t2_1_create_keys_of_each_type" time="0.424" /><testcase classname="tests.test_core_escrow_rules_engine.TestT2APIKeyManagement" name="test_t2_2_list_shows_masked_values" time="0.141" /><testcase classname="tests.test_core_escrow_rules_engine.TestT2APIKeyManagement" name="test_t2_3_only_live_keys_can_manage_keys" time="0.224" /><testcase classname="tests.test_core_escrow_rules_engine.TestT3EscrowAccountLifecycle" name="test_t3_1_create_escrow" time="0.141" /><testcase classname="tests.test_core_escrow_rules_engine.TestT3EscrowAccountLifecycle" name="test_t3_2_fund_escrow" time="0.137" /><testcase classname="tests.test_core_escrow_rules_engine.TestT3EscrowAccountLifecycle" name="test_t3_3_additive_funding" time="0.150" /><testcase classname="tests.test_core_escrow_rules_engine.TestT3EscrowAccountLifecycle" name="test_t3_4_get_escrow_details" time="0.105" /><testcase classname="tests.test_core_escrow_rules_engine.TestT3EscrowAccountLifecycle" name="test_t3_5_check_balance_with_agent_key" time="0.243" /><testcase classname="tests.test_core_escrow_rules_engine.TestT3EscrowAccountLifecycle" name="test_t3_6_pause_escrow" time="0.133" /><testcase classname="tests.test_core_escrow_rules_engine.TestT3EscrowAccountLifecycle" name="test_t3_7_spend_against_paused_fails" time="0.338" /><testcase classname="tests.test_core_escrow_rules_engine.TestT3EscrowAccountLifecycle" name="test_t3_8_resume_escrow" time="0.160" /><testcase classname="tests.test_core_escrow_rules_engine.TestT3EscrowAccountLifecycle" name="test_t3_9_nonexistent_escrow_404" time="0.137" /><testcase classname="tests.test_core_escrow_rules_engine.TestT3EscrowAccountLifecycle" name="test_t3_10_cross_org_isolation" time="0.335" /><testcase classname="tests.test_core_escrow_rules_engine.TestT4SpendingPolicyConfiguration" name="test_t4_1_create_policy_with_all_fields" time="0.274" /><testcase classname="tests.test_core_escrow_rules_engine.TestT4SpendingPolicyConfiguration" name="test_t4_2_update_policy" time="0.123" /><testcase classname="tests.test_core_escrow_rules_engine.TestT4SpendingPolicyConfiguration" name="test_t4_3_get_policy_details" time="0.113" /><testcase classname="tests.test_core_escrow_rules_engine.TestT4SpendingPolicyConfiguration" name="test_t4_4_list_policies_filters_by_escrow" time="0.388" /><testcase classname="tests.test_core_escrow_rules_engine.TestT5RulesEngine" name="test_t5_1_idempotency_replay" time="0.744" /><testcase classname="tests.test_core_escrow_rules_engine.TestT5RulesEngine" name="test_t5_2_insufficient_balance" time="0.578" /><testcase classname="tests.test_core_escrow_rules_engine.TestT5RulesEngine" name="test_t5_3_per_tx_limit" time="0.184" /><testcase classname="tests.test_core_escrow_rules_engine.TestT5RulesEngine" name="test_t5_4_daily_cap" time="0.770" /><testcase classname="tests.test_core_escrow_rules_engine.TestT5RulesEngine" name="test_t5_5_vendor_allowlist" time="0.166" /><testcase classname="tests.test_core_escrow_rules_engine.TestT5RulesEngine" name="test_t5_6_vendor_match_mode" time="0.623" /><testcase classname="tests.test_core_escrow_rules_engine.TestT5RulesEngine" name="test_t5_7_category_allowlist" time="0.172" /><testcase classname="tests.test_core_escrow_rules_engine.TestT5RulesEngine" name="test_t5_8_time_window_hours" time="0.600" /><testcase classname="tests.test_core_escrow_rules_engine.TestT5RulesEngine" name="test_t5_9_time_window_days" time="0.636" /><testcase classname="tests.test_core_escrow_rules_engine.TestT5RulesEngine" name="test_t5_10_auto_approve_threshold" time="0.200" /><testcase classname="tests.test_core_escrow_rules_engine.TestT5RulesEngine" name="test_t5_11_atomic_balance_deduction" time="0.835" /><testcase classname="tests.test_core_escrow_rules_engine.TestT5RulesEngine" name="test_t5_12_multiple_rules_fail" time="0.175" /><testcase classname="tests.test_core_escrow_rules_engine.TestT6SpendRequestLifecycle" name="test_t6_1_list_with_filters" time="0.111" /><testcase classname="tests.test_core_escrow_rules_engine.TestT6SpendRequestLifecycle" name="test_t6_2_get_individual" time="0.212" /><testcase classname="tests.test_core_escrow_rules_engine.TestT6SpendRequestLifecycle" name="test_t6_3_cancel_pending" time="0.627" /><testcase classname="tests.test_core_escrow_rules_engine.TestT6SpendRequestLifecycle" name="test_t6_4_cannot_cancel_approved" time="0.211" /><testcase classname="tests.test_core_escrow_rules_engine.TestT7ApprovalWorkflow" name="test_t7_1_spend_above_threshold_creates_approval" time="0.591" /><testcase classname="tests.test_core_escrow_rules_engine.TestT7ApprovalWorkflow" name="test_t7_2_list_pending_approvals" time="0.113" /><testcase classname="tests.test_core_escrow_rules_engine.TestT7ApprovalWorkflow" name="test_t7_3_approve_spend" time="0.647" /><testcase classname="tests.test_core_escrow_rules_engine.TestT7ApprovalWorkflow" name="test_t7_4_deny_spend" time="0.559" /><testcase classname="tests.test_core_escrow_rules_engine.TestT7ApprovalWorkflow" name="test_t7_5_approval_timeout" time="0.665" /><testcase classname="tests.test_core_escrow_rules_engine.TestT7ApprovalWorkflow" name="test_t7_6_cannot_approve_already_decided" time="0.595" /><testcase classname="tests.test_core_escrow_rules_engine.TestT8AuditTrail" name="test_t8_1_every_action_creates_event" time="0.738" /><testcase classname="tests.test_core_escrow_rules_engine.TestT8AuditTrail" name="test_t8_2_events_immutable" time="0.315" /><testcase classname="tests.test_core_escrow_rules_engine.TestT8AuditTrail" name="test_t8_3_filter_by_event_type" time="0.108" /><testcase classname="tests.test_core_escrow_rules_engine.TestT8AuditTrail" name="test_t8_4_filter_by_actor_type" time="0.102" /><testcase classname="tests.test_core_escrow_rules_engine.TestT8AuditTrail" name="test_t8_5_denied_spend_includes_rule_details" time="1.194" /><testcase classname="tests.test_core_escrow_rules_engine.TestT9Webhooks" name="test_t9_1_register_webhook" time="0.130" /><testcase classname="tests.test_core_escrow_rules_engine.TestT9Webhooks" name="test_t9_2_approved_spend_fires_webhook" time="1.373" /><testcase classname="tests.test_core_escrow_rules_engine.TestT9Webhooks" name="test_t9_3_denied_spend_fires_webhook" time="0.000" /><testcase classname="tests.test_core_escrow_rules_engine.TestT9Webhooks" name="test_t9_4_approval_required_fires_webhook" time="0.000" /><testcase classname="tests.test_core_escrow_rules_engine.TestT9Webhooks" name="test_t9_5_payload_structure" time="0.436" /><testcase classname="tests.test_core_escrow_rules_engine.TestT9Webhooks" name="test_t9_6_hmac_signature" time="0.319" /><testcase classname="tests.test_core_escrow_rules_engine.TestT9Webhooks" name="test_t9_7_delete_webhook" time="0.398" /><testcase classname="tests.test_core_escrow_rules_engine.TestT10EscrowAccountClosure" name="test_t10_1_close_account" time="0.429" /><testcase classname="tests.test_core_escrow_rules_engine.TestT10EscrowAccountClosure" name="test_t10_2_spend_against_closed_fails" time="0.733" /><testcase classname="tests.test_core_escrow_rules_engine.TestT10EscrowAccountClosure" name="test_t10_3_closed_cannot_be_funded" time="0.377" /><testcase classname="tests.test_core_escrow_rules_engine.TestT11AdminAPI" name="test_t11_1_public_health" time="0.102" /><testcase classname="tests.test_core_escrow_rules_engine.TestT11AdminAPI" name="test_t11_2_authenticated_status" time="0.159" /><testcase classname="tests.test_core_escrow_rules_engine.TestT11AdminAPI" name="test_t11_3_admin_key_scope_enforcement" time="0.346" /><testcase classname="tests.test_core_escrow_rules_engine.TestT11AdminAPI" name="test_t11_4_admin_key_separate_from_api_keys" time="0.220" /><testcase classname="tests.test_core_escrow_rules_engine.TestT12DataIntegrityEdgeCases" name="test_t12_1_concurrent_spend_race_condition" time="0.952" /><testcase classname="tests.test_core_escrow_rules_engine.TestT12DataIntegrityEdgeCases" name="test_t12_2_zero_cent_spend_rejected" time="0.504" /><testcase classname="tests.test_core_escrow_rules_engine.TestT12DataIntegrityEdgeCases" name="test_t12_3_negative_amount_rejected" time="0.538" /><testcase classname="tests.test_core_escrow_rules_engine.TestT12DataIntegrityEdgeCases" name="test_t12_4_non_integer_rejected" time="0.546" /><testcase classname="tests.test_core_escrow_rules_engine.TestT12DataIntegrityEdgeCases" name="test_t12_5_missing_required_fields" time="1.337" /><testcase classname="tests.test_core_escrow_rules_engine.TestT12DataIntegrityEdgeCases" name="test_t12_6_id_format_validation" time="0.221" /><testcase classname="tests.test_core_escrow_rules_engine.TestT13TrackingRollover" name="test_t13_1_daily_tracking" time="1.500" /><testcase classname="tests.test_core_escrow_rules_engine.TestT13TrackingRollover" name="test_t13_2_weekly_tracking" time="0.694" /><testcase classname="tests.test_core_escrow_rules_engine.TestT13TrackingRollover" name="test_t13_3_monthly_tracking" time="0.701" /></testsuite></testsuites>