<?xml version="1.0" encoding="utf-8"?><testsuites name="pytest tests"><testsuite name="pytest" errors="0" failures="0" skipped="0" tests="26" time="6.296" timestamp="2026-03-27T05:01:38.721323+00:00" hostname="agent-env-e5a991c9-2f7e-4539-b5aa-2a9462333fa4"><testcase classname="backend.tests.test_aav_integration_v2.TestEscrowAccountAAVFields" name="test_create_escrow_with_all_aav_fields" time="0.577" /><testcase classname="backend.tests.test_aav_integration_v2.TestEscrowAccountAAVFields" name="test_create_escrow_with_log_only_mode" time="0.158" /><testcase classname="backend.tests.test_aav_integration_v2.TestEscrowAccountAAVFields" name="test_create_escrow_with_verify_mode" time="0.156" /><testcase classname="backend.tests.test_aav_integration_v2.TestEscrowAccountAAVFields" name="test_escrow_aav_api_key_not_exposed" time="0.156" /><testcase classname="backend.tests.test_aav_integration_v2.TestEscrowAccountAAVFields" name="test_invalid_enforcement_mode_rejected" time="0.049" /><testcase classname="backend.tests.test_aav_integration_v2.TestPolicyAAVFields" name="test_create_policy_with_aav_required_autonomy_level" time="0.321" /><testcase classname="backend.tests.test_aav_integration_v2.TestPolicyAAVFields" name="test_create_policy_with_aav_map_vendors" time="0.159" /><testcase classname="backend.tests.test_aav_integration_v2.TestPolicyAAVFields" name="test_create_policy_with_aav_map_limits" time="0.161" /><testcase classname="backend.tests.test_aav_integration_v2.TestPolicyAAVFields" name="test_create_policy_with_aav_required_actions" time="0.157" /><testcase classname="backend.tests.test_aav_integration_v2.TestPolicyAAVFields" name="test_create_policy_with_all_aav_fields" time="0.166" /><testcase classname="backend.tests.test_aav_integration_v2.TestPolicyAAVFields" name="test_invalid_autonomy_level_rejected" time="0.046" /><testcase classname="backend.tests.test_aav_integration_v2.TestSpendRequestAAVClaims" name="test_spend_with_aav_certificate_id" time="0.143" /><testcase classname="backend.tests.test_aav_integration_v2.TestSpendRequestAAVClaims" name="test_spend_response_includes_aav_fields" time="0.131" /><testcase classname="backend.tests.test_aav_integration_v2.TestEnforcementModes" name="test_verify_mode_denies_unauthorized_agent" time="0.329" /><testcase classname="backend.tests.test_aav_integration_v2.TestEnforcementModes" name="test_verify_mode_allows_authorized_agent" time="0.378" /><testcase classname="backend.tests.test_aav_integration_v2.TestEnforcementModes" name="test_log_only_mode_allows_with_warning" time="0.372" /><testcase classname="backend.tests.test_aav_integration_v2.TestEnforcementModes" name="test_none_mode_skips_aav_check" time="0.374" /><testcase classname="backend.tests.test_aav_integration_v2.TestCertificateRequirement" name="test_certificate_required_but_not_provided_denied" time="0.330" /><testcase classname="backend.tests.test_aav_integration_v2.TestCertificateRequirement" name="test_certificate_required_and_provided_allowed" time="0.367" /><testcase classname="backend.tests.test_aav_integration_v2.TestCertificateRequirement" name="test_certificate_required_log_only_mode_allows" time="0.368" /><testcase classname="backend.tests.test_aav_integration_v2.TestDenialSource" name="test_denial_source_is_aav_for_agent_denial" time="0.330" /><testcase classname="backend.tests.test_aav_integration_v2.TestDenialSource" name="test_denial_source_is_policy_for_limit_denial" time="0.409" /><testcase classname="backend.tests.test_aav_integration_v2.TestXAAVHeaders" name="test_x_aav_agent_id_header" time="0.130" /><testcase classname="backend.tests.test_aav_integration_v2.TestXAAVHeaders" name="test_x_aav_grant_id_header" time="0.137" /><testcase classname="backend.tests.test_aav_integration_v2.TestRulesEngineAAVStep" name="test_aav_authorization_in_rules_evaluated" time="0.129" /><testcase classname="backend.tests.test_aav_integration_v2.TestRulesEngineAAVStep" name="test_aav_rule_metadata_includes_enforcement_mode" time="0.204" /></testsuite></testsuites>