<?xml version="1.0" encoding="utf-8"?><testsuites name="pytest tests"><testsuite name="pytest" errors="0" failures="0" skipped="0" tests="16" time="4.652" timestamp="2026-03-24T15:44:18.954988+00:00" hostname="agent-env-e5a991c9-2f7e-4539-b5aa-2a9462333fa4"><testcase classname="backend.tests.test_export_hardening.TestMaxDateRangeValidation" name="test_date_range_exactly_90_days_succeeds" time="0.436" /><testcase classname="backend.tests.test_export_hardening.TestMaxDateRangeValidation" name="test_date_range_91_days_fails" time="0.112" /><testcase classname="backend.tests.test_export_hardening.TestMaxDateRangeValidation" name="test_date_range_120_days_fails" time="0.109" /><testcase classname="backend.tests.test_export_hardening.TestMaxDateRangeValidation" name="test_date_range_30_days_succeeds" time="0.122" /><testcase classname="backend.tests.test_export_hardening.TestMaxDateRangeValidation" name="test_spend_activity_export_date_range_exceeded" time="0.110" /><testcase classname="backend.tests.test_export_hardening.TestMaxDateRangeValidation" name="test_audit_events_export_date_range_exceeded" time="0.120" /><testcase classname="backend.tests.test_export_hardening.TestSummaryConfigFlags" name="test_summary_returns_max_date_range_days" time="0.125" /><testcase classname="backend.tests.test_export_hardening.TestSummaryConfigFlags" name="test_summary_returns_pdf_enabled_flag" time="0.145" /><testcase classname="backend.tests.test_export_hardening.TestSummaryConfigFlags" name="test_summary_date_range_includes_max_days" time="0.108" /><testcase classname="backend.tests.test_export_hardening.TestExportAuditLogging" name="test_spend_activity_export_creates_audit_event" time="0.385" /><testcase classname="backend.tests.test_export_hardening.TestExportAuditLogging" name="test_audit_events_export_creates_audit_event" time="0.225" /><testcase classname="backend.tests.test_export_hardening.TestExportAuditLogging" name="test_audit_event_includes_user_info" time="0.232" /><testcase classname="backend.tests.test_export_hardening.TestExportAuditLogging" name="test_audit_event_includes_filters" time="0.267" /><testcase classname="backend.tests.test_export_hardening.TestRateLimiterConfiguration" name="test_rate_limiter_skipped_in_test_mode" time="1.850" /><testcase classname="backend.tests.test_export_hardening.TestDateRangeEdgeCases" name="test_start_date_after_end_date_fails" time="0.111" /><testcase classname="backend.tests.test_export_hardening.TestDateRangeEdgeCases" name="test_same_day_range_succeeds" time="0.113" /></testsuite></testsuites>