<?xml version="1.0" encoding="utf-8"?><testsuites name="pytest tests"><testsuite name="pytest" errors="0" failures="0" skipped="0" tests="17" time="13.878" timestamp="2026-03-27T05:11:21.925504+00:00" hostname="agent-env-e5a991c9-2f7e-4539-b5aa-2a9462333fa4"><testcase classname="backend.tests.test_p1_aav_dashboard_webhooks.TestP1AAVEscrowFields" name="test_create_escrow_with_aav_api_key" time="0.521" /><testcase classname="backend.tests.test_p1_aav_dashboard_webhooks.TestP1AAVEscrowFields" name="test_create_escrow_with_aav_require_certificate" time="0.412" /><testcase classname="backend.tests.test_p1_aav_dashboard_webhooks.TestP1AAVEscrowFields" name="test_create_escrow_with_all_new_aav_fields" time="0.470" /><testcase classname="backend.tests.test_p1_aav_dashboard_webhooks.TestP1AAVEscrowFields" name="test_get_escrow_returns_aav_api_key_configured_boolean" time="0.463" /><testcase classname="backend.tests.test_p1_aav_dashboard_webhooks.TestP1AAVEscrowFields" name="test_get_escrow_without_api_key_returns_false" time="0.521" /><testcase classname="backend.tests.test_p1_aav_dashboard_webhooks.TestP1AAVEscrowFields" name="test_list_escrows_returns_aav_api_key_configured" time="0.618" /><testcase classname="backend.tests.test_p1_aav_dashboard_webhooks.TestP1AAVWebhookEvents" name="test_create_webhook_with_aav_verification_passed" time="0.289" /><testcase classname="backend.tests.test_p1_aav_dashboard_webhooks.TestP1AAVWebhookEvents" name="test_create_webhook_with_aav_verification_denied" time="0.289" /><testcase classname="backend.tests.test_p1_aav_dashboard_webhooks.TestP1AAVWebhookEvents" name="test_create_webhook_with_aav_verification_failed" time="0.280" /><testcase classname="backend.tests.test_p1_aav_dashboard_webhooks.TestP1AAVWebhookEvents" name="test_create_webhook_with_all_aav_events" time="0.284" /><testcase classname="backend.tests.test_p1_aav_dashboard_webhooks.TestP1AAVWebhookEvents" name="test_invalid_aav_event_rejected" time="0.247" /><testcase classname="backend.tests.test_p1_aav_dashboard_webhooks.TestP1AAVWebhookQueueing" name="test_spend_with_aav_api_key_queues_webhook" time="4.286" /><testcase classname="backend.tests.test_p1_aav_dashboard_webhooks.TestP1AAVWebhookQueueing" name="test_spend_response_includes_aav_fields" time="3.748" /><testcase classname="backend.tests.test_p1_aav_dashboard_webhooks.TestP1EnforcementModes" name="test_create_escrow_with_log_only_mode" time="0.289" /><testcase classname="backend.tests.test_p1_aav_dashboard_webhooks.TestP1EnforcementModes" name="test_create_escrow_with_verify_mode" time="0.286" /><testcase classname="backend.tests.test_p1_aav_dashboard_webhooks.TestP1EnforcementModes" name="test_enforcement_modes_are_valid" time="0.589" /><testcase classname="backend.tests.test_p1_aav_dashboard_webhooks.TestP1EnforcementModes" name="test_invalid_enforcement_mode_rejected" time="0.258" /></testsuite></testsuites>