<?xml version="1.0" encoding="utf-8"?><testsuites name="pytest tests"><testsuite name="pytest" errors="0" failures="0" skipped="9" tests="38" time="5.991" timestamp="2026-03-27T04:33:01.792233+00:00" hostname="agent-env-e5a991c9-2f7e-4539-b5aa-2a9462333fa4"><testcase classname="tests.test_feedback_system.TestInlineFeedback" name="test_submit_inline_reaction" time="0.439" /><testcase classname="tests.test_feedback_system.TestInlineFeedback" name="test_submit_inline_reaction_with_note" time="0.144" /><testcase classname="tests.test_feedback_system.TestInlineFeedback" name="test_submit_milestone_feedback" time="0.142" /><testcase classname="tests.test_feedback_system.TestInlineFeedback" name="test_submit_error_clarity_feedback" time="0.156" /><testcase classname="tests.test_feedback_system.TestInlineFeedback" name="test_submit_doc_feedback" time="0.139" /><testcase classname="tests.test_feedback_system.TestInlineFeedback" name="test_submit_pulse_check" time="0.131" /><testcase classname="tests.test_feedback_system.TestInlineFeedback" name="test_invalid_feedback_type" time="0.110" /><testcase classname="tests.test_feedback_system.TestInlineFeedback" name="test_feedback_requires_auth" time="0.111" /><testcase classname="tests.test_feedback_system.TestFeedbackTracking" name="test_get_tracking_info" time="0.104" /><testcase classname="tests.test_feedback_system.TestFeedbackTracking" name="test_mark_pulse_shown" time="0.155" /><testcase classname="tests.test_feedback_system.TestFeedbackTracking" name="test_tracking_after_pulse_shown" time="0.124" /><testcase classname="tests.test_feedback_system.TestFeatureRequests" name="test_list_feature_requests" time="0.110" /><testcase classname="tests.test_feedback_system.TestFeatureRequests" name="test_list_requests_with_sort" time="0.255" /><testcase classname="tests.test_feedback_system.TestFeatureRequests" name="test_list_requests_with_search" time="0.137" /><testcase classname="tests.test_feedback_system.TestFeatureRequests" name="test_submit_feature_request_validation" time="0.198" /><testcase classname="tests.test_feedback_system.TestFeatureRequests" name="test_get_categories" time="0.105" /><testcase classname="tests.test_feedback_system.TestFeatureRequestInteractions" name="test_vote_on_request" time="0.124"><skipped type="pytest.skip" message="No feature requests available to vote on">/app/backend/tests/test_feedback_system.py:373: No feature requests available to vote on</skipped></testcase><testcase classname="tests.test_feedback_system.TestFeatureRequestInteractions" name="test_toggle_vote" time="0.120"><skipped type="pytest.skip" message="No feature requests available">/app/backend/tests/test_feedback_system.py:398: No feature requests available</skipped></testcase><testcase classname="tests.test_feedback_system.TestFeatureRequestInteractions" name="test_comment_on_request" time="0.113"><skipped type="pytest.skip" message="No feature requests available">/app/backend/tests/test_feedback_system.py:430: No feature requests available</skipped></testcase><testcase classname="tests.test_feedback_system.TestFeatureRequestInteractions" name="test_comment_validation" time="0.131"><skipped type="pytest.skip" message="No feature requests available">/app/backend/tests/test_feedback_system.py:455: No feature requests available</skipped></testcase><testcase classname="tests.test_feedback_system.TestFeatureRequestInteractions" name="test_get_request_detail" time="0.125"><skipped type="pytest.skip" message="No feature requests available">/app/backend/tests/test_feedback_system.py:476: No feature requests available</skipped></testcase><testcase classname="tests.test_feedback_system.TestAdminFeedback" name="test_admin_list_feedback" time="0.122" /><testcase classname="tests.test_feedback_system.TestAdminFeedback" name="test_admin_list_feedback_with_filters" time="0.362" /><testcase classname="tests.test_feedback_system.TestAdminFeedback" name="test_admin_get_stats" time="0.127" /><testcase classname="tests.test_feedback_system.TestAdminFeedback" name="test_admin_get_digest" time="0.126" /><testcase classname="tests.test_feedback_system.TestAdminFeedback" name="test_admin_acknowledge_feedback" time="0.330" /><testcase classname="tests.test_feedback_system.TestAdminFeedback" name="test_admin_add_notes" time="0.273" /><testcase classname="tests.test_feedback_system.TestAdminFeedback" name="test_admin_requires_auth" time="0.207" /><testcase classname="tests.test_feedback_system.TestAdminFeatureRequests" name="test_admin_list_requests" time="0.112" /><testcase classname="tests.test_feedback_system.TestAdminFeatureRequests" name="test_admin_update_request_status" time="0.114"><skipped type="pytest.skip" message="No feature requests available">/app/backend/tests/test_feedback_system.py:656: No feature requests available</skipped></testcase><testcase classname="tests.test_feedback_system.TestAdminFeatureRequests" name="test_admin_pin_request" time="0.120"><skipped type="pytest.skip" message="No feature requests available">/app/backend/tests/test_feedback_system.py:683: No feature requests available</skipped></testcase><testcase classname="tests.test_feedback_system.TestAdminFeatureRequests" name="test_admin_comment_as_team" time="0.151"><skipped type="pytest.skip" message="No feature requests available">/app/backend/tests/test_feedback_system.py:706: No feature requests available</skipped></testcase><testcase classname="tests.test_feedback_system.TestAdminFeatureRequests" name="test_admin_invalid_status" time="0.115"><skipped type="pytest.skip" message="No feature requests available">/app/backend/tests/test_feedback_system.py:730: No feature requests available</skipped></testcase><testcase classname="tests.test_feedback_system.TestAdminFeatureRequests" name="test_admin_export_csv" time="0.138" /><testcase classname="tests.test_feedback_system.TestEdgeCases" name="test_nonexistent_feedback_item" time="0.117" /><testcase classname="tests.test_feedback_system.TestEdgeCases" name="test_nonexistent_feature_request" time="0.110" /><testcase classname="tests.test_feedback_system.TestEdgeCases" name="test_vote_nonexistent_request" time="0.118" /><testcase classname="tests.test_feedback_system.TestEdgeCases" name="test_comment_nonexistent_request" time="0.102" /></testsuite></testsuites>