<?xml version="1.0" encoding="utf-8"?><testsuites name="pytest tests"><testsuite name="pytest" errors="0" failures="0" skipped="0" tests="32" time="6.145" timestamp="2026-03-27T21:05:43.427120+00:00" hostname="agent-env-f0c60123-db12-466e-9b90-11aab0e65afa"><testcase classname="tests.test_safe_spend_integration.TestHealthCheck" name="test_health_returns_ok" time="0.239" /><testcase classname="tests.test_safe_spend_integration.TestAgentIdValidation" name="test_valid_agent_id_format" time="0.790" /><testcase classname="tests.test_safe_spend_integration.TestAgentIdValidation" name="test_invalid_agent_id_format_rejected" time="0.110" /><testcase classname="tests.test_safe_spend_integration.TestAgentIdValidation" name="test_agent_id_without_prefix_rejected" time="0.124" /><testcase classname="tests.test_safe_spend_integration.TestAgentIdValidation" name="test_agent_id_with_uppercase_rejected" time="0.115" /><testcase classname="tests.test_safe_spend_integration.TestEscrowWithAgentId" name="test_create_escrow_with_agent_id" time="0.139" /><testcase classname="tests.test_safe_spend_integration.TestEscrowWithAgentId" name="test_create_escrow_with_invalid_agent_id_rejected" time="0.135" /><testcase classname="tests.test_safe_spend_integration.TestSpendWithAgentId" name="test_spend_with_agent_id_returns_agent_id_in_response" time="0.231" /><testcase classname="tests.test_safe_spend_integration.TestAgentScopedEndpoints" name="test_get_agent_escrow_accounts" time="0.130" /><testcase classname="tests.test_safe_spend_integration.TestAgentScopedEndpoints" name="test_get_agent_escrow_accounts_invalid_agent_id" time="0.120" /><testcase classname="tests.test_safe_spend_integration.TestAgentScopedEndpoints" name="test_get_agent_spend_history" time="0.138" /><testcase classname="tests.test_safe_spend_integration.TestAgentScopedEndpoints" name="test_get_agent_spend_history_with_pagination" time="0.147" /><testcase classname="tests.test_safe_spend_integration.TestAgentCertificates" name="test_create_certificate_mapping" time="0.166" /><testcase classname="tests.test_safe_spend_integration.TestAgentCertificates" name="test_get_certificate_mapping" time="0.384" /><testcase classname="tests.test_safe_spend_integration.TestAgentCertificates" name="test_delete_certificate_mapping" time="0.322" /><testcase classname="tests.test_safe_spend_integration.TestAgentCertificates" name="test_create_certificate_invalid_agent_id" time="0.153" /><testcase classname="tests.test_safe_spend_integration.TestAgentCertificates" name="test_create_certificate_invalid_certificate_id" time="0.116" /><testcase classname="tests.test_safe_spend_integration.TestInternalEvents" name="test_internal_event_with_valid_signature" time="0.157" /><testcase classname="tests.test_safe_spend_integration.TestInternalEvents" name="test_internal_event_with_bad_signature" time="0.102" /><testcase classname="tests.test_safe_spend_integration.TestInternalEvents" name="test_internal_event_unsupported_type" time="0.157" /><testcase classname="tests.test_safe_spend_integration.TestInternalEvents" name="test_internal_event_aav_grant_revoked" time="0.139" /><testcase classname="tests.test_safe_spend_integration.TestInternalEvents" name="test_internal_event_aav_grant_created" time="0.144" /><testcase classname="tests.test_safe_spend_integration.TestOrgLinking" name="test_get_org_link_status" time="0.129" /><testcase classname="tests.test_safe_spend_integration.TestOrgLinking" name="test_link_org_with_valid_token" time="0.424" /><testcase classname="tests.test_safe_spend_integration.TestOrgLinking" name="test_link_org_missing_token" time="0.111" /><testcase classname="tests.test_safe_spend_integration.TestOrgLinking" name="test_link_org_invalid_token_format" time="0.163" /><testcase classname="tests.test_safe_spend_integration.TestControlPlane" name="test_get_org_summary" time="0.339" /><testcase classname="tests.test_safe_spend_integration.TestControlPlane" name="test_get_agent_card_data" time="0.115" /><testcase classname="tests.test_safe_spend_integration.TestControlPlane" name="test_get_agent_card_data_invalid_agent_id" time="0.105" /><testcase classname="tests.test_safe_spend_integration.TestPoliciesWithReputationFields" name="test_create_policy_with_min_reputation_score" time="0.154" /><testcase classname="tests.test_safe_spend_integration.TestPoliciesWithReputationFields" name="test_create_policy_with_reputation_spending_boost" time="0.144" /><testcase classname="tests.test_safe_spend_integration.TestPoliciesWithReputationFields" name="test_create_policy_with_both_reputation_fields" time="0.139" /></testsuite></testsuites>