<?xml version="1.0" encoding="utf-8"?><testsuites name="pytest tests"><testsuite name="pytest" errors="0" failures="0" skipped="0" tests="21" time="12.585" timestamp="2026-03-24T15:16:00.900200+00:00" hostname="agent-env-e5a991c9-2f7e-4539-b5aa-2a9462333fa4"><testcase classname="backend.tests.test_rbac_team.TestRBACTeamManagement" name="test_list_team_members_success" time="0.583" /><testcase classname="backend.tests.test_rbac_team.TestRBACTeamManagement" name="test_list_team_members_unauthorized" time="0.592" /><testcase classname="backend.tests.test_rbac_team.TestRBACTeamManagement" name="test_list_roles_success" time="0.504" /><testcase classname="backend.tests.test_rbac_team.TestRBACTeamManagement" name="test_get_my_role_success" time="0.442" /><testcase classname="backend.tests.test_rbac_team.TestRBACTeamManagement" name="test_invite_member_success" time="0.574" /><testcase classname="backend.tests.test_rbac_team.TestRBACTeamManagement" name="test_invite_member_invalid_role" time="0.459" /><testcase classname="backend.tests.test_rbac_team.TestRBACTeamManagement" name="test_invite_member_as_owner_fails" time="0.566" /><testcase classname="backend.tests.test_rbac_team.TestRBACTeamManagement" name="test_invite_member_missing_fields" time="0.563" /><testcase classname="backend.tests.test_rbac_team.TestRBACTeamManagement" name="test_invite_org_owner_email_fails" time="0.514" /><testcase classname="backend.tests.test_rbac_team.TestRBACTeamManagement" name="test_get_invite_details_success" time="0.627" /><testcase classname="backend.tests.test_rbac_team.TestRBACTeamManagement" name="test_get_invite_details_invalid_token" time="0.472" /><testcase classname="backend.tests.test_rbac_team.TestRBACTeamManagement" name="test_accept_invite_success" time="0.759" /><testcase classname="backend.tests.test_rbac_team.TestRBACTeamManagement" name="test_accept_invite_invalid_token" time="0.582" /><testcase classname="backend.tests.test_rbac_team.TestRBACTeamManagement" name="test_accept_invite_already_used" time="0.947" /><testcase classname="backend.tests.test_rbac_team.TestRBACTeamManagement" name="test_update_member_role_success" time="0.931" /><testcase classname="backend.tests.test_rbac_team.TestRBACTeamManagement" name="test_update_member_role_to_owner_fails" time="0.681" /><testcase classname="backend.tests.test_rbac_team.TestRBACTeamManagement" name="test_update_member_not_found" time="0.471" /><testcase classname="backend.tests.test_rbac_team.TestRBACTeamManagement" name="test_remove_member_success" time="0.729" /><testcase classname="backend.tests.test_rbac_team.TestRBACTeamManagement" name="test_remove_member_not_found" time="0.510" /><testcase classname="backend.tests.test_rbac_team.TestRBACTeamManagement" name="test_non_owner_cannot_invite" time="0.366" /><testcase classname="backend.tests.test_rbac_team.TestRBACTeamManagement" name="test_duplicate_invite_fails" time="0.617" /></testsuite></testsuites>