<?xml version="1.0" encoding="utf-8"?><testsuites name="pytest tests"><testsuite name="pytest" errors="0" failures="0" skipped="1" tests="25" time="11.278" timestamp="2026-03-23T23:59:22.516891+00:00" hostname="agent-env-e5a991c9-2f7e-4539-b5aa-2a9462333fa4"><testcase classname="backend.tests.test_webhooks_approvals.TestWebhookCRUD" name="test_list_webhooks" time="0.421" /><testcase classname="backend.tests.test_webhooks_approvals.TestWebhookCRUD" name="test_create_webhook" time="0.144" /><testcase classname="backend.tests.test_webhooks_approvals.TestWebhookCRUD" name="test_create_webhook_validation_no_url" time="0.116" /><testcase classname="backend.tests.test_webhooks_approvals.TestWebhookCRUD" name="test_create_webhook_validation_no_events" time="0.150" /><testcase classname="backend.tests.test_webhooks_approvals.TestWebhookCRUD" name="test_create_webhook_validation_invalid_events" time="0.117" /><testcase classname="backend.tests.test_webhooks_approvals.TestWebhookCRUD" name="test_get_webhook" time="0.416" /><testcase classname="backend.tests.test_webhooks_approvals.TestWebhookCRUD" name="test_update_webhook_toggle_active" time="0.538" /><testcase classname="backend.tests.test_webhooks_approvals.TestWebhookCRUD" name="test_delete_webhook" time="0.417" /><testcase classname="backend.tests.test_webhooks_approvals.TestWebhookSecretRotation" name="test_rotate_webhook_secret" time="0.527" /><testcase classname="backend.tests.test_webhooks_approvals.TestWebhookTest" name="test_send_test_webhook" time="0.824" /><testcase classname="backend.tests.test_webhooks_approvals.TestWebhookDeliveries" name="test_list_webhook_deliveries" time="0.435" /><testcase classname="backend.tests.test_webhooks_approvals.TestWebhookDeliveries" name="test_list_webhook_deliveries_filter_by_status" time="0.442" /><testcase classname="backend.tests.test_webhooks_approvals.TestWebhookDeliverPending" name="test_deliver_pending_webhooks" time="0.357" /><testcase classname="backend.tests.test_webhooks_approvals.TestApprovalLifecycle" name="test_list_pending_approvals" time="0.347" /><testcase classname="backend.tests.test_webhooks_approvals.TestApprovalLifecycle" name="test_get_approval_detail" time="0.270" /><testcase classname="backend.tests.test_webhooks_approvals.TestApprovalLifecycle" name="test_get_approval_not_found" time="0.117" /><testcase classname="backend.tests.test_webhooks_approvals.TestApprovalApprove" name="test_approve_pending_approval" time="0.944" /><testcase classname="backend.tests.test_webhooks_approvals.TestApprovalApprove" name="test_approve_already_approved" time="0.232" /><testcase classname="backend.tests.test_webhooks_approvals.TestApprovalDeny" name="test_deny_pending_approval" time="0.518"><skipped type="pytest.skip" message="No pending approvals to test deny action">/app/backend/tests/test_webhooks_approvals.py:545: No pending approvals to test deny action</skipped></testcase><testcase classname="backend.tests.test_webhooks_approvals.TestApprovalExpireStale" name="test_expire_stale_approvals" time="0.506" /><testcase classname="backend.tests.test_webhooks_approvals.TestWebhookSignature" name="test_webhook_signature_format" time="0.675" /><testcase classname="backend.tests.test_webhooks_approvals.TestWebhookIntegrationWithApprovals" name="test_webhook_queued_on_approval_action" time="1.884" /><testcase classname="backend.tests.test_webhooks_approvals.TestExistingWebhook" name="test_existing_webhook_exists" time="0.321" /><testcase classname="backend.tests.test_webhooks_approvals.TestExistingWebhook" name="test_existing_webhook_deliveries" time="0.134" /><testcase classname="backend.tests.test_webhooks_approvals.TestExistingApproval" name="test_existing_approval_exists" time="0.323" /></testsuite></testsuites>